Using pre-set license
Built from '2020.3/staging' branch; Version is '2020.3.5f1 (8095aa901b9b) revision 8426922'; Using compiler version '192528614'; Build Type 'Release'
OS: 'Windows 10 Pro; OS build 19042.928; Version 2009; 64bit' Language: 'en' Physical Memory: 16246 MB
BatchMode: 1, IsHumanControllingUs: 0, StartBugReporterOnCrash: 0, Is64bit: 1, IsPro: 0

 COMMAND LINE ARGUMENTS:
C:\Program Files\Unity\Hub\Editor\2020.3.5f1\Editor\Unity.exe
-adb2
-batchMode
-noUpm
-name
AssetImportWorker0
-projectPath
C:/Users/Morcado/unity/ld-48
-logFile
Logs/AssetImportWorker0.log
-srvPort
58282
Successfully changed project path to: C:/Users/Morcado/unity/ld-48
C:/Users/Morcado/unity/ld-48
Using Asset Import Pipeline V2.
Refreshing native plugins compatible for Editor in 31.38 ms, found 1 plugins.
Preloading 0 native plugins for Editor in 0.00 ms.
Initialize engine version: 2020.3.5f1 (8095aa901b9b)
[Subsystems] Discovering subsystems at path C:/Program Files/Unity/Hub/Editor/2020.3.5f1/Editor/Data/Resources/UnitySubsystems
[Subsystems] Discovering subsystems at path C:/Users/Morcado/unity/ld-48/Assets
GfxDevice: creating device client; threaded=0
Direct3D:
    Version:  Direct3D 11.0 [level 11.1]
    Renderer: Intel(R) UHD Graphics 630 (ID=0x3e98)
    Vendor:   
    VRAM:     8123 MB
    Driver:   26.20.100.7642
Initialize mono
Mono path[0] = 'C:/Program Files/Unity/Hub/Editor/2020.3.5f1/Editor/Data/Managed'
Mono path[1] = 'C:/Program Files/Unity/Hub/Editor/2020.3.5f1/Editor/Data/MonoBleedingEdge/lib/mono/unityjit'
Mono config path = 'C:/Program Files/Unity/Hub/Editor/2020.3.5f1/Editor/Data/MonoBleedingEdge/etc'
Using monoOptions --debugger-agent=transport=dt_socket,embedding=1,server=y,suspend=n,address=127.0.0.1:56136
Begin MonoManager ReloadAssembly
Registering precompiled unity dll's ...
Register platform support module: C:/Program Files/Unity/Hub/Editor/2020.3.5f1/Editor/Data/PlaybackEngines/WebGLSupport/UnityEditor.WebGL.Extensions.dll
Register platform support module: C:/Program Files/Unity/Hub/Editor/2020.3.5f1/Editor/Data/PlaybackEngines/WindowsStandaloneSupport/UnityEditor.WindowsStandalone.Extensions.dll
Registered in 0.001634 seconds.
Native extension for WindowsStandalone target not found
Native extension for WebGL target not found
Refreshing native plugins compatible for Editor in 32.09 ms, found 1 plugins.
Preloading 0 native plugins for Editor in 0.00 ms.
Mono: successfully reloaded assembly
- Completed reload, in  0.923 seconds
Platform modules already initialized, skipping
Registering precompiled user dll's ...
Registered in 0.000676 seconds.
Begin MonoManager ReloadAssembly
Native extension for WindowsStandalone target not found
Native extension for WebGL target not found
Refreshing native plugins compatible for Editor in 31.69 ms, found 1 plugins.
Preloading 0 native plugins for Editor in 0.00 ms.
Mono: successfully reloaded assembly
- Completed reload, in  0.785 seconds
Platform modules already initialized, skipping
========================================================================
Worker process is ready to serve import requests
Launched and connected shader compiler UnityShaderCompiler.exe after 0.03 seconds
Refreshing native plugins compatible for Editor in 0.29 ms, found 1 plugins.
Preloading 0 native plugins for Editor in 0.00 ms.
Unloading 1835 Unused Serialized files (Serialized files now loaded: 0)
System memory in use before: 87.5 MB.
System memory in use after: 87.5 MB.

Unloading 24 unused Assets to reduce memory usage. Loaded Objects now: 2279.
Total: 1.670800 ms (FindLiveObjects: 0.156200 ms CreateObjectMapping: 0.106500 ms MarkObjects: 1.307900 ms  DeleteObjects: 0.099000 ms)

========================================================================
Received Import Request.
  path: Assets/Artwork/Door/door-open-3.png
  artifactKey: Guid(47e60309da4b59548be2ff6a5e1cfbd7) Importer(815301076,1909f56bfc062723c751e8b465ee728b)
Start importing Assets/Artwork/Door/door-open-3.png using Guid(47e60309da4b59548be2ff6a5e1cfbd7) Importer(815301076,1909f56bfc062723c751e8b465ee728b)  -> (artifact id: '541f2c09a6cf4ca9cf340d0771686586') in 0.076801 seconds
  Import took 0.079401 seconds .

========================================================================
Received Import Request.
  Time since last request: 0.000150 seconds.
  path: Assets/Artwork/Door/door-open-7.png
  artifactKey: Guid(d9e6b152cc86c284e9ece9f918208a53) Importer(815301076,1909f56bfc062723c751e8b465ee728b)
Start importing Assets/Artwork/Door/door-open-7.png using Guid(d9e6b152cc86c284e9ece9f918208a53) Importer(815301076,1909f56bfc062723c751e8b465ee728b)  -> (artifact id: '85a51f6dacb4990ce11b8eedb06123e3') in 0.009807 seconds
  Import took 0.012266 seconds .

========================================================================
Received Import Request.
  Time since last request: 0.000453 seconds.
  path: Assets/Artwork/Door/door-open-5.png
  artifactKey: Guid(6036d56cdf97eef48b96ccadf4727520) Importer(815301076,1909f56bfc062723c751e8b465ee728b)
Start importing Assets/Artwork/Door/door-open-5.png using Guid(6036d56cdf97eef48b96ccadf4727520) Importer(815301076,1909f56bfc062723c751e8b465ee728b)  -> (artifact id: '45fad441663eeb1d18630286b0c15285') in 0.020637 seconds
  Import took 0.023654 seconds .

========================================================================
Received Import Request.
  Time since last request: 0.000301 seconds.
  path: Assets/Artwork/Door/door-open-6.png
  artifactKey: Guid(bd494a6092d81124c9539743704f3e76) Importer(815301076,1909f56bfc062723c751e8b465ee728b)
Start importing Assets/Artwork/Door/door-open-6.png using Guid(bd494a6092d81124c9539743704f3e76) Importer(815301076,1909f56bfc062723c751e8b465ee728b)  -> (artifact id: 'c6b71e01d9de5d882f57e84961fbb589') in 0.016191 seconds
  Import took 0.019123 seconds .

========================================================================
Received Import Request.
  Time since last request: 0.000224 seconds.
  path: Assets/Artwork/Door/door-open-1.png
  artifactKey: Guid(ac7620e968429664c99a17d5f35f2433) Importer(815301076,1909f56bfc062723c751e8b465ee728b)
Start importing Assets/Artwork/Door/door-open-1.png using Guid(ac7620e968429664c99a17d5f35f2433) Importer(815301076,1909f56bfc062723c751e8b465ee728b)  -> (artifact id: '7442d28a302f26c276266e159949ef4e') in 0.013482 seconds
  Import took 0.015891 seconds .

========================================================================
Received Import Request.
  Time since last request: 0.000228 seconds.
  path: Assets/Artwork/Door/door-open-4.png
  artifactKey: Guid(e875cc020991c104c877b360a2b9db78) Importer(815301076,1909f56bfc062723c751e8b465ee728b)
Start importing Assets/Artwork/Door/door-open-4.png using Guid(e875cc020991c104c877b360a2b9db78) Importer(815301076,1909f56bfc062723c751e8b465ee728b)  -> (artifact id: '5ed617847a36bb76e56235321e2c28fd') in 0.011833 seconds
  Import took 0.015125 seconds .

========================================================================
Received Import Request.
  Time since last request: 0.000215 seconds.
  path: Assets/Artwork/Door/door-open-1.png
  artifactKey: Guid(ac7620e968429664c99a17d5f35f2433) Importer(815301076,1909f56bfc062723c751e8b465ee728b)
Start importing Assets/Artwork/Door/door-open-1.png using Guid(ac7620e968429664c99a17d5f35f2433) Importer(815301076,1909f56bfc062723c751e8b465ee728b)  -> (artifact id: '7442d28a302f26c276266e159949ef4e') in 0.007576 seconds
  Import took 0.010232 seconds .

========================================================================
Received Import Request.
  Time since last request: 0.000177 seconds.
  path: Assets/Artwork/note-big-100.png
  artifactKey: Guid(608d41a9b72226d4399c262d5763c538) Importer(815301076,1909f56bfc062723c751e8b465ee728b)
Start importing Assets/Artwork/note-big-100.png using Guid(608d41a9b72226d4399c262d5763c538) Importer(815301076,1909f56bfc062723c751e8b465ee728b)  -> (artifact id: '31b6ee524d2eb38bafe5fd2fa448d8cb') in 0.021578 seconds
  Import took 0.023925 seconds .

========================================================================
Received Import Request.
  Time since last request: 0.000244 seconds.
  path: Assets/Artwork/Door/door-open-2.png
  artifactKey: Guid(a4ea06d7a2b35b5439279510e643e9bd) Importer(815301076,1909f56bfc062723c751e8b465ee728b)
Start importing Assets/Artwork/Door/door-open-2.png using Guid(a4ea06d7a2b35b5439279510e643e9bd) Importer(815301076,1909f56bfc062723c751e8b465ee728b)  -> (artifact id: 'd424df983ef62a8fb24d48ca01a69799') in 0.009666 seconds
  Import took 0.012064 seconds .

========================================================================
Received Import Request.
  Time since last request: 8.034197 seconds.
  path: Assets/Artwork/Door/door-open-1.png
  artifactKey: Guid(ac7620e968429664c99a17d5f35f2433) Importer(815301076,1909f56bfc062723c751e8b465ee728b)
Start importing Assets/Artwork/Door/door-open-1.png using Guid(ac7620e968429664c99a17d5f35f2433) Importer(815301076,1909f56bfc062723c751e8b465ee728b)  -> (artifact id: 'bdd5c11b1bed391f8c6d51a3f29bccd6') in 0.012875 seconds
  Import took 0.015964 seconds .

========================================================================
Received Import Request.
  Time since last request: 0.000244 seconds.
  path: Assets/Artwork/Door/door-open-3.png
  artifactKey: Guid(47e60309da4b59548be2ff6a5e1cfbd7) Importer(815301076,1909f56bfc062723c751e8b465ee728b)
Start importing Assets/Artwork/Door/door-open-3.png using Guid(47e60309da4b59548be2ff6a5e1cfbd7) Importer(815301076,1909f56bfc062723c751e8b465ee728b)  -> (artifact id: '9880def87d2e372beee7ca55b5494c0b') in 0.007032 seconds
  Import took 0.009866 seconds .

========================================================================
Received Import Request.
  Time since last request: 0.000205 seconds.
  path: Assets/Artwork/Door/door-open-7.png
  artifactKey: Guid(d9e6b152cc86c284e9ece9f918208a53) Importer(815301076,1909f56bfc062723c751e8b465ee728b)
Start importing Assets/Artwork/Door/door-open-7.png using Guid(d9e6b152cc86c284e9ece9f918208a53) Importer(815301076,1909f56bfc062723c751e8b465ee728b)  -> (artifact id: 'b000ca772940fffa3122e816abb66361') in 0.007230 seconds
  Import took 0.009650 seconds .

========================================================================
Received Import Request.
  Time since last request: 0.000247 seconds.
  path: Assets/Artwork/Door/door-open-5.png
  artifactKey: Guid(6036d56cdf97eef48b96ccadf4727520) Importer(815301076,1909f56bfc062723c751e8b465ee728b)
Start importing Assets/Artwork/Door/door-open-5.png using Guid(6036d56cdf97eef48b96ccadf4727520) Importer(815301076,1909f56bfc062723c751e8b465ee728b)  -> (artifact id: 'd54a360503126c3dc167872a25566868') in 0.012125 seconds
  Import took 0.015156 seconds .

========================================================================
Received Import Request.
  Time since last request: 0.000159 seconds.
  path: Assets/Artwork/Door/door-open-6.png
  artifactKey: Guid(bd494a6092d81124c9539743704f3e76) Importer(815301076,1909f56bfc062723c751e8b465ee728b)
Start importing Assets/Artwork/Door/door-open-6.png using Guid(bd494a6092d81124c9539743704f3e76) Importer(815301076,1909f56bfc062723c751e8b465ee728b)  -> (artifact id: '3eb6d8cf8ff287f8121a8c6359e62fc7') in 0.006284 seconds
  Import took 0.008692 seconds .

========================================================================
Received Import Request.
  Time since last request: 0.000196 seconds.
  path: Assets/Artwork/Door/door-open-4.png
  artifactKey: Guid(e875cc020991c104c877b360a2b9db78) Importer(815301076,1909f56bfc062723c751e8b465ee728b)
Start importing Assets/Artwork/Door/door-open-4.png using Guid(e875cc020991c104c877b360a2b9db78) Importer(815301076,1909f56bfc062723c751e8b465ee728b)  -> (artifact id: 'ba013d400577fd119491507d5c6d9fbe') in 0.012005 seconds
  Import took 0.015063 seconds .

========================================================================
Received Import Request.
  Time since last request: 0.000200 seconds.
  path: Assets/Artwork/Door/door-open-2.png
  artifactKey: Guid(a4ea06d7a2b35b5439279510e643e9bd) Importer(815301076,1909f56bfc062723c751e8b465ee728b)
Start importing Assets/Artwork/Door/door-open-2.png using Guid(a4ea06d7a2b35b5439279510e643e9bd) Importer(815301076,1909f56bfc062723c751e8b465ee728b)  -> (artifact id: '53ae0d1657052f56f94b5031526cdff6') in 0.007245 seconds
  Import took 0.010026 seconds .

========================================================================
Received Import Request.
  Time since last request: 91.378307 seconds.
  path: Assets/Artwork/Door/DoorFront.controller
  artifactKey: Guid(1d106129147c77041ae39ee8e21c2b69) Importer(815301076,1909f56bfc062723c751e8b465ee728b)
Start importing Assets/Artwork/Door/DoorFront.controller using Guid(1d106129147c77041ae39ee8e21c2b69) Importer(815301076,1909f56bfc062723c751e8b465ee728b)  -> (artifact id: '7dae1bbdf38a4df8102c56411859e7e8') in 0.011563 seconds
  Import took 0.014338 seconds .

========================================================================
Received Import Request.
  Time since last request: 0.001043 seconds.
  path: Assets/Artwork/Door/DoorFront.controller
  artifactKey: Guid(1d106129147c77041ae39ee8e21c2b69) Importer(815301076,1909f56bfc062723c751e8b465ee728b)
Start importing Assets/Artwork/Door/DoorFront.controller using Guid(1d106129147c77041ae39ee8e21c2b69) Importer(815301076,1909f56bfc062723c751e8b465ee728b)  -> (artifact id: '7dae1bbdf38a4df8102c56411859e7e8') in 0.002727 seconds
  Import took 0.005794 seconds .

========================================================================
Received Import Request.
  Time since last request: 72.612874 seconds.
  path: Assets/Artwork/Door
  artifactKey: Guid(b883988796c26eb448ad1829999fcd95) Importer(815301076,1909f56bfc062723c751e8b465ee728b)
Start importing Assets/Artwork/Door using Guid(b883988796c26eb448ad1829999fcd95) Importer(815301076,1909f56bfc062723c751e8b465ee728b)  -> (artifact id: '3eb900e4f2405acfb41211d4faa58e64') in 0.006091 seconds
  Import took 0.009293 seconds .

========================================================================
Received Import Request.
  Time since last request: 17.401216 seconds.
  path: Assets/Artwork/Door/Open.anim
  artifactKey: Guid(2f2780316da322b4d97e8d58e6d2f69e) Importer(815301076,1909f56bfc062723c751e8b465ee728b)
Start importing Assets/Artwork/Door/Open.anim using Guid(2f2780316da322b4d97e8d58e6d2f69e) Importer(815301076,1909f56bfc062723c751e8b465ee728b)  -> (artifact id: '37cb3909458c8e1d00f5fc907c8fa1de') in 0.007267 seconds
  Import took 0.009663 seconds .

========================================================================
Received Prepare
Registering precompiled user dll's ...
Registered in 0.000677 seconds.
Begin MonoManager ReloadAssembly
Native extension for WindowsStandalone target not found
Native extension for WebGL target not found
Refreshing native plugins compatible for Editor in 0.29 ms, found 1 plugins.
Preloading 0 native plugins for Editor in 0.00 ms.
Mono: successfully reloaded assembly
- Completed reload, in  0.694 seconds
Platform modules already initialized, skipping
Refreshing native plugins compatible for Editor in 0.28 ms, found 1 plugins.
Preloading 0 native plugins for Editor in 0.00 ms.
Unloading 1817 Unused Serialized files (Serialized files now loaded: 0)
System memory in use before: 89.3 MB.
System memory in use after: 89.3 MB.

Unloading 12 unused Assets to reduce memory usage. Loaded Objects now: 2291.
Total: 1.694000 ms (FindLiveObjects: 0.144800 ms CreateObjectMapping: 0.063300 ms MarkObjects: 1.399700 ms  DeleteObjects: 0.085100 ms)

========================================================================
Received Prepare
Registering precompiled user dll's ...
Registered in 0.000673 seconds.
Begin MonoManager ReloadAssembly
Native extension for WindowsStandalone target not found
Native extension for WebGL target not found
Refreshing native plugins compatible for Editor in 0.28 ms, found 1 plugins.
Preloading 0 native plugins for Editor in 0.00 ms.
Mono: successfully reloaded assembly
- Completed reload, in  0.689 seconds
Platform modules already initialized, skipping
Refreshing native plugins compatible for Editor in 0.39 ms, found 1 plugins.
Preloading 0 native plugins for Editor in 0.00 ms.
Unloading 1817 Unused Serialized files (Serialized files now loaded: 0)
System memory in use before: 89.3 MB.
System memory in use after: 89.3 MB.

Unloading 12 unused Assets to reduce memory usage. Loaded Objects now: 2295.
Total: 1.881100 ms (FindLiveObjects: 0.224400 ms CreateObjectMapping: 0.099100 ms MarkObjects: 1.461900 ms  DeleteObjects: 0.095000 ms)

========================================================================
Received Prepare
Registering precompiled user dll's ...
Registered in 0.001131 seconds.
Begin MonoManager ReloadAssembly
Native extension for WindowsStandalone target not found
Native extension for WebGL target not found
Refreshing native plugins compatible for Editor in 0.29 ms, found 1 plugins.
Preloading 0 native plugins for Editor in 0.00 ms.
Mono: successfully reloaded assembly
- Completed reload, in  0.689 seconds
Platform modules already initialized, skipping
Refreshing native plugins compatible for Editor in 0.28 ms, found 1 plugins.
Preloading 0 native plugins for Editor in 0.00 ms.
Unloading 1817 Unused Serialized files (Serialized files now loaded: 0)
System memory in use before: 89.3 MB.
System memory in use after: 89.3 MB.

Unloading 12 unused Assets to reduce memory usage. Loaded Objects now: 2299.
Total: 1.935700 ms (FindLiveObjects: 0.204400 ms CreateObjectMapping: 0.077400 ms MarkObjects: 1.540400 ms  DeleteObjects: 0.112200 ms)

========================================================================
Received Import Request.
  Time since last request: 354.452356 seconds.
  path: Assets/Prefabs
  artifactKey: Guid(993e4f21fc5f9814cbfb390e37b6aeaa) Importer(815301076,1909f56bfc062723c751e8b465ee728b)
Start importing Assets/Prefabs using Guid(993e4f21fc5f9814cbfb390e37b6aeaa) Importer(815301076,1909f56bfc062723c751e8b465ee728b)  -> (artifact id: 'bfa30f6e2e754e03e9d389ea0b43ac80') in 0.007928 seconds
  Import took 0.010356 seconds .

========================================================================
Received Import Request.
  Time since last request: 0.067220 seconds.
  path: Assets/Prefabs/Button.prefab
  artifactKey: Guid(5f97c77a9e2c1c941a3f7f3146dac077) Importer(815301076,1909f56bfc062723c751e8b465ee728b)
Start importing Assets/Prefabs/Button.prefab using Guid(5f97c77a9e2c1c941a3f7f3146dac077) Importer(815301076,1909f56bfc062723c751e8b465ee728b)  -> (artifact id: '97f306c44ca6cd8751919cc29fa1ea00') in 0.063666 seconds
  Import took 0.066261 seconds .

========================================================================
Received Import Request.
  Time since last request: 0.000214 seconds.
  path: Assets/Prefabs/note-0.prefab
  artifactKey: Guid(541104adac42c8a4d95ebc4e74e2438f) Importer(815301076,1909f56bfc062723c751e8b465ee728b)
Start importing Assets/Prefabs/note-0.prefab using Guid(541104adac42c8a4d95ebc4e74e2438f) Importer(815301076,1909f56bfc062723c751e8b465ee728b)  -> (artifact id: '85cb29c563e3433058be985cae80dd70') in 0.048300 seconds
  Import took 0.050693 seconds .

========================================================================
Received Import Request.
  Time since last request: 0.000126 seconds.
  path: Assets/Prefabs/note-2-floor.prefab
  artifactKey: Guid(700a02fb72404e74b9a28455e71e0fdc) Importer(815301076,1909f56bfc062723c751e8b465ee728b)
Start importing Assets/Prefabs/note-2-floor.prefab using Guid(700a02fb72404e74b9a28455e71e0fdc) Importer(815301076,1909f56bfc062723c751e8b465ee728b)  -> (artifact id: 'adfa14075bf512a7e3a1ff9eb03a65bb') in 0.023662 seconds
  Import took 0.026829 seconds .

========================================================================
Received Import Request.
  Time since last request: 0.000208 seconds.
  path: Assets/Prefabs/note-0-floor.prefab
  artifactKey: Guid(60b6f136984ca0546b3282b31078d9c2) Importer(815301076,1909f56bfc062723c751e8b465ee728b)
Start importing Assets/Prefabs/note-0-floor.prefab using Guid(60b6f136984ca0546b3282b31078d9c2) Importer(815301076,1909f56bfc062723c751e8b465ee728b)  -> (artifact id: '4236f59135048e667cffe59760960957') in 0.012792 seconds
  Import took 0.015995 seconds .

========================================================================
Received Import Request.
  Time since last request: 0.000418 seconds.
  path: Assets/Prefabs/note-1-floor.prefab
  artifactKey: Guid(40ac8a36341be0e4a8feb7769ec6aa6f) Importer(815301076,1909f56bfc062723c751e8b465ee728b)
Start importing Assets/Prefabs/note-1-floor.prefab using Guid(40ac8a36341be0e4a8feb7769ec6aa6f) Importer(815301076,1909f56bfc062723c751e8b465ee728b)  -> (artifact id: '93f7a256c1c7d3beff4e860663dcf5ab') in 0.016736 seconds
  Import took 0.019624 seconds .

========================================================================
Received Prepare
Registering precompiled user dll's ...
Registered in 0.000707 seconds.
Begin MonoManager ReloadAssembly
Native extension for WindowsStandalone target not found
Native extension for WebGL target not found
Refreshing native plugins compatible for Editor in 0.31 ms, found 1 plugins.
Preloading 0 native plugins for Editor in 0.00 ms.
Mono: successfully reloaded assembly
- Completed reload, in  0.726 seconds
Platform modules already initialized, skipping
Refreshing native plugins compatible for Editor in 0.29 ms, found 1 plugins.
Preloading 0 native plugins for Editor in 0.00 ms.
Unloading 1817 Unused Serialized files (Serialized files now loaded: 0)
System memory in use before: 89.4 MB.
System memory in use after: 89.4 MB.

Unloading 13 unused Assets to reduce memory usage. Loaded Objects now: 2307.
Total: 2.303000 ms (FindLiveObjects: 0.371000 ms CreateObjectMapping: 0.182900 ms MarkObjects: 1.652000 ms  DeleteObjects: 0.094800 ms)

========================================================================
Received Import Request.
  Time since last request: 2.659986 seconds.
  path: Assets/Prefabs/DoorAnimated.prefab
  artifactKey: Guid(a47e4672b60a07b46ade8be4aeb2abcb) Importer(815301076,1909f56bfc062723c751e8b465ee728b)
Start importing Assets/Prefabs/DoorAnimated.prefab using Guid(a47e4672b60a07b46ade8be4aeb2abcb) Importer(815301076,1909f56bfc062723c751e8b465ee728b)  -> (artifact id: '91085885d877f0cb0e896a538608830e') in 0.051045 seconds
  Import took 0.054154 seconds .

========================================================================
Received Prepare
Registering precompiled user dll's ...
Registered in 0.000685 seconds.
Begin MonoManager ReloadAssembly
Native extension for WindowsStandalone target not found
Native extension for WebGL target not found
Refreshing native plugins compatible for Editor in 0.29 ms, found 1 plugins.
Preloading 0 native plugins for Editor in 0.00 ms.
Mono: successfully reloaded assembly
- Completed reload, in  0.732 seconds
Platform modules already initialized, skipping
Refreshing native plugins compatible for Editor in 0.29 ms, found 1 plugins.
Preloading 0 native plugins for Editor in 0.00 ms.
Unloading 1817 Unused Serialized files (Serialized files now loaded: 0)
System memory in use before: 89.5 MB.
System memory in use after: 89.4 MB.

Unloading 12 unused Assets to reduce memory usage. Loaded Objects now: 2312.
Total: 1.720800 ms (FindLiveObjects: 0.160900 ms CreateObjectMapping: 0.059600 ms MarkObjects: 1.376500 ms  DeleteObjects: 0.122900 ms)

========================================================================
Received Import Request.
  Time since last request: 238.148888 seconds.
  path: Assets/Artwork/Door/door-open-1.asset
  artifactKey: Guid(b1bd6bbaa478b0c42ad4fe5dd4d251ca) Importer(815301076,1909f56bfc062723c751e8b465ee728b)
Start importing Assets/Artwork/Door/door-open-1.asset using Guid(b1bd6bbaa478b0c42ad4fe5dd4d251ca) Importer(815301076,1909f56bfc062723c751e8b465ee728b)  -> (artifact id: '526f4e973f73e87b4917ac21d3d47cff') in 0.037831 seconds
  Import took 0.040791 seconds .

========================================================================
Received Prepare
Registering precompiled user dll's ...
Registered in 0.000700 seconds.
Begin MonoManager ReloadAssembly
Native extension for WindowsStandalone target not found
Native extension for WebGL target not found
Refreshing native plugins compatible for Editor in 0.29 ms, found 1 plugins.
Preloading 0 native plugins for Editor in 0.00 ms.
Mono: successfully reloaded assembly
- Completed reload, in  0.680 seconds
Platform modules already initialized, skipping
Refreshing native plugins compatible for Editor in 0.31 ms, found 1 plugins.
Preloading 0 native plugins for Editor in 0.00 ms.
Unloading 1817 Unused Serialized files (Serialized files now loaded: 0)
System memory in use before: 89.5 MB.
System memory in use after: 89.5 MB.

Unloading 12 unused Assets to reduce memory usage. Loaded Objects now: 2318.
Total: 3.764000 ms (FindLiveObjects: 0.904500 ms CreateObjectMapping: 0.439600 ms MarkObjects: 2.278000 ms  DeleteObjects: 0.139900 ms)

========================================================================
Received Prepare
Registering precompiled user dll's ...
Registered in 0.000689 seconds.
Begin MonoManager ReloadAssembly
Native extension for WindowsStandalone target not found
Native extension for WebGL target not found
Refreshing native plugins compatible for Editor in 0.30 ms, found 1 plugins.
Preloading 0 native plugins for Editor in 0.00 ms.
Mono: successfully reloaded assembly
- Completed reload, in  0.679 seconds
Platform modules already initialized, skipping
Refreshing native plugins compatible for Editor in 0.29 ms, found 1 plugins.
Preloading 0 native plugins for Editor in 0.00 ms.
Unloading 1817 Unused Serialized files (Serialized files now loaded: 0)
System memory in use before: 89.5 MB.
System memory in use after: 89.5 MB.

Unloading 12 unused Assets to reduce memory usage. Loaded Objects now: 2322.
Total: 1.748800 ms (FindLiveObjects: 0.153600 ms CreateObjectMapping: 0.061900 ms MarkObjects: 1.437100 ms  DeleteObjects: 0.095300 ms)

========================================================================
Received Import Request.
  Time since last request: 238.198656 seconds.
  path: Assets/Artwork/Door/DoorFront.controller
  artifactKey: Guid(1d106129147c77041ae39ee8e21c2b69) Importer(815301076,1909f56bfc062723c751e8b465ee728b)
Start importing Assets/Artwork/Door/DoorFront.controller using Guid(1d106129147c77041ae39ee8e21c2b69) Importer(815301076,1909f56bfc062723c751e8b465ee728b)  -> (artifact id: 'b8b5e608c78db784e12fe1e1476d17d5') in 0.010315 seconds
  Import took 0.012872 seconds .

========================================================================
Received Prepare
Registering precompiled user dll's ...
Registered in 0.000674 seconds.
Begin MonoManager ReloadAssembly
Native extension for WindowsStandalone target not found
Native extension for WebGL target not found
Refreshing native plugins compatible for Editor in 0.33 ms, found 1 plugins.
Preloading 0 native plugins for Editor in 0.00 ms.
Mono: successfully reloaded assembly
- Completed reload, in  0.692 seconds
Platform modules already initialized, skipping
Refreshing native plugins compatible for Editor in 0.30 ms, found 1 plugins.
Preloading 0 native plugins for Editor in 0.00 ms.
Unloading 1817 Unused Serialized files (Serialized files now loaded: 0)
System memory in use before: 89.5 MB.
System memory in use after: 89.5 MB.

Unloading 12 unused Assets to reduce memory usage. Loaded Objects now: 2326.
Total: 1.700100 ms (FindLiveObjects: 0.146900 ms CreateObjectMapping: 0.059500 ms MarkObjects: 1.397200 ms  DeleteObjects: 0.095300 ms)

========================================================================
Received Prepare
Registering precompiled user dll's ...
Registered in 0.000674 seconds.
Begin MonoManager ReloadAssembly
Native extension for WindowsStandalone target not found
Native extension for WebGL target not found
Refreshing native plugins compatible for Editor in 0.29 ms, found 1 plugins.
Preloading 0 native plugins for Editor in 0.00 ms.
Mono: successfully reloaded assembly
- Completed reload, in  0.720 seconds
Platform modules already initialized, skipping
Refreshing native plugins compatible for Editor in 0.27 ms, found 1 plugins.
Preloading 0 native plugins for Editor in 0.00 ms.
Unloading 1817 Unused Serialized files (Serialized files now loaded: 0)
System memory in use before: 89.5 MB.
System memory in use after: 89.5 MB.

Unloading 12 unused Assets to reduce memory usage. Loaded Objects now: 2330.
Total: 1.691700 ms (FindLiveObjects: 0.152400 ms CreateObjectMapping: 0.064000 ms MarkObjects: 1.380300 ms  DeleteObjects: 0.093400 ms)

========================================================================
Received Import Request.
  Time since last request: 113.143216 seconds.
  path: Assets/Artwork/Door/door-open-1.png
  artifactKey: Guid(ac7620e968429664c99a17d5f35f2433) Importer(815301076,1909f56bfc062723c751e8b465ee728b)
Start importing Assets/Artwork/Door/door-open-1.png using Guid(ac7620e968429664c99a17d5f35f2433) Importer(815301076,1909f56bfc062723c751e8b465ee728b)  -> (artifact id: '49762ac68d8f930984980761b697c5c5') in 0.055151 seconds
  Import took 0.057903 seconds .

========================================================================
Received Import Request.
  Time since last request: 0.000179 seconds.
  path: Assets/Artwork/Door/door-open-3.png
  artifactKey: Guid(47e60309da4b59548be2ff6a5e1cfbd7) Importer(815301076,1909f56bfc062723c751e8b465ee728b)
Start importing Assets/Artwork/Door/door-open-3.png using Guid(47e60309da4b59548be2ff6a5e1cfbd7) Importer(815301076,1909f56bfc062723c751e8b465ee728b)  -> (artifact id: '37381986c531a0f0e4f0e723b9023108') in 0.006633 seconds
  Import took 0.009101 seconds .

========================================================================
Received Import Request.
  Time since last request: 0.000198 seconds.
  path: Assets/Artwork/Door/door-open-7.png
  artifactKey: Guid(d9e6b152cc86c284e9ece9f918208a53) Importer(815301076,1909f56bfc062723c751e8b465ee728b)
Start importing Assets/Artwork/Door/door-open-7.png using Guid(d9e6b152cc86c284e9ece9f918208a53) Importer(815301076,1909f56bfc062723c751e8b465ee728b)  -> (artifact id: 'c3cb996210a46722b6e2a33e5109a1b0') in 0.019311 seconds
  Import took 0.021943 seconds .

========================================================================
Received Import Request.
  Time since last request: 0.000196 seconds.
  path: Assets/Artwork/Door/door-open-5.png
  artifactKey: Guid(6036d56cdf97eef48b96ccadf4727520) Importer(815301076,1909f56bfc062723c751e8b465ee728b)
Start importing Assets/Artwork/Door/door-open-5.png using Guid(6036d56cdf97eef48b96ccadf4727520) Importer(815301076,1909f56bfc062723c751e8b465ee728b)  -> (artifact id: '3c6691305a1da28fc4d213c0387a566d') in 0.012774 seconds
  Import took 0.015686 seconds .

========================================================================
Received Import Request.
  Time since last request: 0.000150 seconds.
  path: Assets/Artwork/Door/door-open-6.png
  artifactKey: Guid(bd494a6092d81124c9539743704f3e76) Importer(815301076,1909f56bfc062723c751e8b465ee728b)
Start importing Assets/Artwork/Door/door-open-6.png using Guid(bd494a6092d81124c9539743704f3e76) Importer(815301076,1909f56bfc062723c751e8b465ee728b)  -> (artifact id: '6b702f6d8585f5c529383405ab2f1bcf') in 0.009010 seconds
  Import took 0.011641 seconds .

========================================================================
Received Import Request.
  Time since last request: 0.000160 seconds.
  path: Assets/Artwork/Door/door-open-4.png
  artifactKey: Guid(e875cc020991c104c877b360a2b9db78) Importer(815301076,1909f56bfc062723c751e8b465ee728b)
Start importing Assets/Artwork/Door/door-open-4.png using Guid(e875cc020991c104c877b360a2b9db78) Importer(815301076,1909f56bfc062723c751e8b465ee728b)  -> (artifact id: 'e4bd22933db23702f73cc2bbd009abe1') in 0.013681 seconds
  Import took 0.016617 seconds .

========================================================================
Received Import Request.
  Time since last request: 0.000323 seconds.
  path: Assets/Artwork/Door/door-open-2.png
  artifactKey: Guid(a4ea06d7a2b35b5439279510e643e9bd) Importer(815301076,1909f56bfc062723c751e8b465ee728b)
Start importing Assets/Artwork/Door/door-open-2.png using Guid(a4ea06d7a2b35b5439279510e643e9bd) Importer(815301076,1909f56bfc062723c751e8b465ee728b)  -> (artifact id: '00d2c234c8e458c2466ba153154f5f78') in 0.013321 seconds
  Import took 0.016296 seconds .

========================================================================
Received Prepare
Registering precompiled user dll's ...
Registered in 0.000675 seconds.
Begin MonoManager ReloadAssembly
Native extension for WindowsStandalone target not found
Native extension for WebGL target not found
Refreshing native plugins compatible for Editor in 0.28 ms, found 1 plugins.
Preloading 0 native plugins for Editor in 0.00 ms.
Mono: successfully reloaded assembly
- Completed reload, in  0.659 seconds
Platform modules already initialized, skipping
Refreshing native plugins compatible for Editor in 0.28 ms, found 1 plugins.
Preloading 0 native plugins for Editor in 0.00 ms.
Unloading 1817 Unused Serialized files (Serialized files now loaded: 0)
System memory in use before: 89.5 MB.
System memory in use after: 89.5 MB.

Unloading 12 unused Assets to reduce memory usage. Loaded Objects now: 2337.
Total: 1.734300 ms (FindLiveObjects: 0.153400 ms CreateObjectMapping: 0.056800 ms MarkObjects: 1.398400 ms  DeleteObjects: 0.124800 ms)

========================================================================
Received Import Request.
  Time since last request: 133.748517 seconds.
  path: Assets/Artwork/Door/DoorFront.controller
  artifactKey: Guid(1d106129147c77041ae39ee8e21c2b69) Importer(815301076,1909f56bfc062723c751e8b465ee728b)
Start importing Assets/Artwork/Door/DoorFront.controller using Guid(1d106129147c77041ae39ee8e21c2b69) Importer(815301076,1909f56bfc062723c751e8b465ee728b)  -> (artifact id: '0ab89130329e9c80b618cac2ebf7586b') in 0.012108 seconds
  Import took 0.014601 seconds .

========================================================================
Received Prepare
Registering precompiled user dll's ...
Registered in 0.000742 seconds.
Begin MonoManager ReloadAssembly
Native extension for WindowsStandalone target not found
Native extension for WebGL target not found
Refreshing native plugins compatible for Editor in 0.30 ms, found 1 plugins.
Preloading 0 native plugins for Editor in 0.00 ms.
Mono: successfully reloaded assembly
- Completed reload, in  0.681 seconds
Platform modules already initialized, skipping
Refreshing native plugins compatible for Editor in 0.28 ms, found 1 plugins.
Preloading 0 native plugins for Editor in 0.00 ms.
Unloading 1817 Unused Serialized files (Serialized files now loaded: 0)
System memory in use before: 89.5 MB.
System memory in use after: 89.5 MB.

Unloading 12 unused Assets to reduce memory usage. Loaded Objects now: 2341.
Total: 1.587300 ms (FindLiveObjects: 0.143800 ms CreateObjectMapping: 0.057800 ms MarkObjects: 1.293500 ms  DeleteObjects: 0.090800 ms)

========================================================================
Received Import Request.
  Time since last request: 42.189773 seconds.
  path: Assets/Artwork/Door/OpenDoor.anim
  artifactKey: Guid(7ce0e954e001da247924810da2080c35) Importer(815301076,1909f56bfc062723c751e8b465ee728b)
Start importing Assets/Artwork/Door/OpenDoor.anim using Guid(7ce0e954e001da247924810da2080c35) Importer(815301076,1909f56bfc062723c751e8b465ee728b)  -> (artifact id: '1e63a90e6cd004b057c09aad98965352') in 0.011853 seconds
  Import took 0.014325 seconds .

========================================================================
Received Prepare
Registering precompiled user dll's ...
Registered in 0.000664 seconds.
Begin MonoManager ReloadAssembly
Native extension for WindowsStandalone target not found
Native extension for WebGL target not found
Refreshing native plugins compatible for Editor in 0.29 ms, found 1 plugins.
Preloading 0 native plugins for Editor in 0.00 ms.
Mono: successfully reloaded assembly
- Completed reload, in  0.666 seconds
Platform modules already initialized, skipping
Refreshing native plugins compatible for Editor in 0.28 ms, found 1 plugins.
Preloading 0 native plugins for Editor in 0.00 ms.
Unloading 1817 Unused Serialized files (Serialized files now loaded: 0)
System memory in use before: 89.6 MB.
System memory in use after: 89.5 MB.

Unloading 12 unused Assets to reduce memory usage. Loaded Objects now: 2345.
Total: 1.720400 ms (FindLiveObjects: 0.154900 ms CreateObjectMapping: 0.059000 ms MarkObjects: 1.420400 ms  DeleteObjects: 0.085400 ms)

========================================================================
Received Import Request.
  Time since last request: 14.388627 seconds.
  path: Assets/Artwork/Door/OpenDoor.anim
  artifactKey: Guid(7ce0e954e001da247924810da2080c35) Importer(815301076,1909f56bfc062723c751e8b465ee728b)
Start importing Assets/Artwork/Door/OpenDoor.anim using Guid(7ce0e954e001da247924810da2080c35) Importer(815301076,1909f56bfc062723c751e8b465ee728b)  -> (artifact id: 'ee99caa232d97172fe6329c1bd08d6ed') in 0.008139 seconds
  Import took 0.010471 seconds .

========================================================================
Received Prepare
Registering precompiled user dll's ...
Registered in 0.000672 seconds.
Begin MonoManager ReloadAssembly
Native extension for WindowsStandalone target not found
Native extension for WebGL target not found
Refreshing native plugins compatible for Editor in 0.28 ms, found 1 plugins.
Preloading 0 native plugins for Editor in 0.00 ms.
Mono: successfully reloaded assembly
- Completed reload, in  0.679 seconds
Platform modules already initialized, skipping
Refreshing native plugins compatible for Editor in 0.28 ms, found 1 plugins.
Preloading 0 native plugins for Editor in 0.00 ms.
Unloading 1817 Unused Serialized files (Serialized files now loaded: 0)
System memory in use before: 89.6 MB.
System memory in use after: 89.5 MB.

Unloading 12 unused Assets to reduce memory usage. Loaded Objects now: 2349.
Total: 1.742900 ms (FindLiveObjects: 0.160900 ms CreateObjectMapping: 0.075700 ms MarkObjects: 1.416600 ms  DeleteObjects: 0.088800 ms)

========================================================================
Received Import Request.
  Time since last request: 59.669187 seconds.
  path: Assets/Artwork/Door/DoorFront.controller
  artifactKey: Guid(1d106129147c77041ae39ee8e21c2b69) Importer(815301076,1909f56bfc062723c751e8b465ee728b)
Start importing Assets/Artwork/Door/DoorFront.controller using Guid(1d106129147c77041ae39ee8e21c2b69) Importer(815301076,1909f56bfc062723c751e8b465ee728b)  -> (artifact id: '9a25858028160d541b0c9137eaa1218b') in 0.016725 seconds
  Import took 0.019409 seconds .

========================================================================
Received Prepare
Registering precompiled user dll's ...
Registered in 0.000663 seconds.
Begin MonoManager ReloadAssembly
Native extension for WindowsStandalone target not found
Native extension for WebGL target not found
Refreshing native plugins compatible for Editor in 0.29 ms, found 1 plugins.
Preloading 0 native plugins for Editor in 0.00 ms.
Mono: successfully reloaded assembly
- Completed reload, in  0.670 seconds
Platform modules already initialized, skipping
Refreshing native plugins compatible for Editor in 0.28 ms, found 1 plugins.
Preloading 0 native plugins for Editor in 0.00 ms.
Unloading 1817 Unused Serialized files (Serialized files now loaded: 0)
System memory in use before: 89.6 MB.
System memory in use after: 89.5 MB.

Unloading 12 unused Assets to reduce memory usage. Loaded Objects now: 2353.
Total: 3.960200 ms (FindLiveObjects: 0.540300 ms CreateObjectMapping: 0.265000 ms MarkObjects: 3.065000 ms  DeleteObjects: 0.087500 ms)

========================================================================
Received Import Request.
  Time since last request: 89.282546 seconds.
  path: Assets/Scripts/PlayerController.cs
  artifactKey: Guid(ff44fc34f61c30d4ba164f322b0bac16) Importer(815301076,1909f56bfc062723c751e8b465ee728b)
Start importing Assets/Scripts/PlayerController.cs using Guid(ff44fc34f61c30d4ba164f322b0bac16) Importer(815301076,1909f56bfc062723c751e8b465ee728b)  -> (artifact id: '883f1389d20e111a617452f6557f9f48') in 0.017496 seconds
  Import took 0.019838 seconds .

========================================================================
Received Prepare
Registering precompiled user dll's ...
Registered in 0.001664 seconds.
Begin MonoManager ReloadAssembly
Native extension for WindowsStandalone target not found
Native extension for WebGL target not found
Refreshing native plugins compatible for Editor in 0.33 ms, found 1 plugins.
Preloading 0 native plugins for Editor in 0.00 ms.
Mono: successfully reloaded assembly
- Completed reload, in  0.742 seconds
Platform modules already initialized, skipping
Refreshing native plugins compatible for Editor in 0.36 ms, found 1 plugins.
Preloading 0 native plugins for Editor in 0.00 ms.
Unloading 1817 Unused Serialized files (Serialized files now loaded: 0)
System memory in use before: 89.6 MB.
System memory in use after: 89.6 MB.

Unloading 12 unused Assets to reduce memory usage. Loaded Objects now: 2357.
Total: 2.132000 ms (FindLiveObjects: 0.334600 ms CreateObjectMapping: 0.126800 ms MarkObjects: 1.571700 ms  DeleteObjects: 0.097400 ms)

========================================================================
Received Prepare
Registering precompiled user dll's ...
Registered in 0.000702 seconds.
Begin MonoManager ReloadAssembly
Native extension for WindowsStandalone target not found
Native extension for WebGL target not found
Refreshing native plugins compatible for Editor in 0.40 ms, found 1 plugins.
Preloading 0 native plugins for Editor in 0.00 ms.
Mono: successfully reloaded assembly
- Completed reload, in  0.733 seconds
Platform modules already initialized, skipping
Refreshing native plugins compatible for Editor in 0.36 ms, found 1 plugins.
Preloading 0 native plugins for Editor in 0.00 ms.
Unloading 1817 Unused Serialized files (Serialized files now loaded: 0)
System memory in use before: 89.6 MB.
System memory in use after: 89.6 MB.

Unloading 12 unused Assets to reduce memory usage. Loaded Objects now: 2361.
Total: 1.825700 ms (FindLiveObjects: 0.177500 ms CreateObjectMapping: 0.065100 ms MarkObjects: 1.493900 ms  DeleteObjects: 0.088100 ms)

========================================================================
Received Prepare
Registering precompiled user dll's ...
Registered in 0.000702 seconds.
Begin MonoManager ReloadAssembly
Native extension for WindowsStandalone target not found
Native extension for WebGL target not found
Refreshing native plugins compatible for Editor in 0.39 ms, found 1 plugins.
Preloading 0 native plugins for Editor in 0.00 ms.
Mono: successfully reloaded assembly
- Completed reload, in  0.740 seconds
Platform modules already initialized, skipping
Refreshing native plugins compatible for Editor in 0.31 ms, found 1 plugins.
Preloading 0 native plugins for Editor in 0.00 ms.
Unloading 1817 Unused Serialized files (Serialized files now loaded: 0)
System memory in use before: 89.6 MB.
System memory in use after: 89.6 MB.

Unloading 12 unused Assets to reduce memory usage. Loaded Objects now: 2365.
Total: 1.722800 ms (FindLiveObjects: 0.183800 ms CreateObjectMapping: 0.057800 ms MarkObjects: 1.380100 ms  DeleteObjects: 0.100400 ms)

========================================================================
Received Import Request.
  Time since last request: 208.410048 seconds.
  path: ProjectSettings/TagManager.asset
  artifactKey: Guid(00000000000000003000000000000000) Importer(815301076,1909f56bfc062723c751e8b465ee728b)
Start importing ProjectSettings/TagManager.asset using Guid(00000000000000003000000000000000) Importer(815301076,1909f56bfc062723c751e8b465ee728b)  -> (artifact id: 'd94c75ddcab9685de63ebcfe1b9d2ad2') in 0.012998 seconds
  Import took 0.015658 seconds .

========================================================================
Received Prepare
Registering precompiled user dll's ...
Registered in 0.000987 seconds.
Begin MonoManager ReloadAssembly
Native extension for WindowsStandalone target not found
Native extension for WebGL target not found
Refreshing native plugins compatible for Editor in 0.29 ms, found 1 plugins.
Preloading 0 native plugins for Editor in 0.00 ms.
Mono: successfully reloaded assembly
- Completed reload, in  0.696 seconds
Platform modules already initialized, skipping
Refreshing native plugins compatible for Editor in 0.35 ms, found 1 plugins.
Preloading 0 native plugins for Editor in 0.00 ms.
Unloading 1817 Unused Serialized files (Serialized files now loaded: 0)
System memory in use before: 89.6 MB.
System memory in use after: 89.6 MB.

Unloading 13 unused Assets to reduce memory usage. Loaded Objects now: 2369.
Total: 2.464700 ms (FindLiveObjects: 0.262300 ms CreateObjectMapping: 0.080800 ms MarkObjects: 1.978600 ms  DeleteObjects: 0.142100 ms)

========================================================================
Received Prepare
Registering precompiled user dll's ...
Registered in 0.000718 seconds.
Begin MonoManager ReloadAssembly
Native extension for WindowsStandalone target not found
Native extension for WebGL target not found
Refreshing native plugins compatible for Editor in 0.30 ms, found 1 plugins.
Preloading 0 native plugins for Editor in 0.00 ms.
Mono: successfully reloaded assembly
- Completed reload, in  0.697 seconds
Platform modules already initialized, skipping
Refreshing native plugins compatible for Editor in 0.27 ms, found 1 plugins.
Preloading 0 native plugins for Editor in 0.00 ms.
Unloading 1817 Unused Serialized files (Serialized files now loaded: 0)
System memory in use before: 89.6 MB.
System memory in use after: 89.6 MB.

Unloading 12 unused Assets to reduce memory usage. Loaded Objects now: 2373.
Total: 1.615400 ms (FindLiveObjects: 0.143000 ms CreateObjectMapping: 0.055100 ms MarkObjects: 1.296300 ms  DeleteObjects: 0.120100 ms)

========================================================================
Received Prepare
Registering precompiled user dll's ...
Registered in 0.000684 seconds.
Begin MonoManager ReloadAssembly
Native extension for WindowsStandalone target not found
Native extension for WebGL target not found
Refreshing native plugins compatible for Editor in 0.28 ms, found 1 plugins.
Preloading 0 native plugins for Editor in 0.00 ms.
Mono: successfully reloaded assembly
- Completed reload, in  0.694 seconds
Platform modules already initialized, skipping
Refreshing native plugins compatible for Editor in 0.27 ms, found 1 plugins.
Preloading 0 native plugins for Editor in 0.00 ms.
Unloading 1817 Unused Serialized files (Serialized files now loaded: 0)
System memory in use before: 89.6 MB.
System memory in use after: 89.6 MB.

Unloading 12 unused Assets to reduce memory usage. Loaded Objects now: 2377.
Total: 1.616900 ms (FindLiveObjects: 0.168800 ms CreateObjectMapping: 0.061200 ms MarkObjects: 1.297200 ms  DeleteObjects: 0.088900 ms)

========================================================================
Received Prepare
Registering precompiled user dll's ...
Registered in 0.000710 seconds.
Begin MonoManager ReloadAssembly
Native extension for WindowsStandalone target not found
Native extension for WebGL target not found
Refreshing native plugins compatible for Editor in 0.34 ms, found 1 plugins.
Preloading 0 native plugins for Editor in 0.00 ms.
Mono: successfully reloaded assembly
- Completed reload, in  0.699 seconds
Platform modules already initialized, skipping
Refreshing native plugins compatible for Editor in 0.29 ms, found 1 plugins.
Preloading 0 native plugins for Editor in 0.00 ms.
Unloading 1817 Unused Serialized files (Serialized files now loaded: 0)
System memory in use before: 89.6 MB.
System memory in use after: 89.6 MB.

Unloading 12 unused Assets to reduce memory usage. Loaded Objects now: 2381.
Total: 2.240400 ms (FindLiveObjects: 0.377900 ms CreateObjectMapping: 0.239800 ms MarkObjects: 1.529600 ms  DeleteObjects: 0.091900 ms)

========================================================================
Received Prepare
Registering precompiled user dll's ...
Registered in 0.000816 seconds.
Begin MonoManager ReloadAssembly
Native extension for WindowsStandalone target not found
Native extension for WebGL target not found
Refreshing native plugins compatible for Editor in 0.29 ms, found 1 plugins.
Preloading 0 native plugins for Editor in 0.00 ms.
Mono: successfully reloaded assembly
- Completed reload, in  0.721 seconds
Platform modules already initialized, skipping
Refreshing native plugins compatible for Editor in 0.28 ms, found 1 plugins.
Preloading 0 native plugins for Editor in 0.00 ms.
Unloading 1817 Unused Serialized files (Serialized files now loaded: 0)
System memory in use before: 89.6 MB.
System memory in use after: 89.6 MB.

Unloading 12 unused Assets to reduce memory usage. Loaded Objects now: 2385.
Total: 2.651400 ms (FindLiveObjects: 0.267100 ms CreateObjectMapping: 0.174000 ms MarkObjects: 2.115200 ms  DeleteObjects: 0.093800 ms)

========================================================================
Received Prepare
Registering precompiled user dll's ...
Registered in 0.000689 seconds.
Begin MonoManager ReloadAssembly
Native extension for WindowsStandalone target not found
Native extension for WebGL target not found
Refreshing native plugins compatible for Editor in 0.31 ms, found 1 plugins.
Preloading 0 native plugins for Editor in 0.00 ms.
Mono: successfully reloaded assembly
- Completed reload, in  0.670 seconds
Platform modules already initialized, skipping
Refreshing native plugins compatible for Editor in 0.29 ms, found 1 plugins.
Preloading 0 native plugins for Editor in 0.00 ms.
Unloading 1817 Unused Serialized files (Serialized files now loaded: 0)
System memory in use before: 89.7 MB.
System memory in use after: 89.6 MB.

Unloading 12 unused Assets to reduce memory usage. Loaded Objects now: 2389.
Total: 1.758400 ms (FindLiveObjects: 0.172300 ms CreateObjectMapping: 0.065700 ms MarkObjects: 1.415200 ms  DeleteObjects: 0.104500 ms)

========================================================================
Received Prepare
Registering precompiled user dll's ...
Registered in 0.000695 seconds.
Begin MonoManager ReloadAssembly
Native extension for WindowsStandalone target not found
Native extension for WebGL target not found
Refreshing native plugins compatible for Editor in 0.35 ms, found 1 plugins.
Preloading 0 native plugins for Editor in 0.00 ms.
Mono: successfully reloaded assembly
- Completed reload, in  2.984 seconds
Platform modules already initialized, skipping
Refreshing native plugins compatible for Editor in 0.30 ms, found 1 plugins.
Preloading 0 native plugins for Editor in 0.00 ms.
Unloading 1817 Unused Serialized files (Serialized files now loaded: 0)
System memory in use before: 89.7 MB.
System memory in use after: 89.6 MB.

Unloading 12 unused Assets to reduce memory usage. Loaded Objects now: 2393.
Total: 1.930000 ms (FindLiveObjects: 0.183000 ms CreateObjectMapping: 0.070200 ms MarkObjects: 1.551800 ms  DeleteObjects: 0.123800 ms)

========================================================================
Received Prepare
Refreshing native plugins compatible for Editor in 1.35 ms, found 1 plugins.
Preloading 0 native plugins for Editor in 0.00 ms.
Unloading 10 Unused Serialized files (Serialized files now loaded: 0)
System memory in use before: 53.9 MB.
System memory in use after: 53.9 MB.

Unloading 10 unused Assets to reduce memory usage. Loaded Objects now: 2393.
Total: 2.002000 ms (FindLiveObjects: 0.189400 ms CreateObjectMapping: 0.068900 ms MarkObjects: 1.641000 ms  DeleteObjects: 0.101100 ms)

========================================================================
Received Prepare
Refreshing native plugins compatible for Editor in 1.29 ms, found 1 plugins.
Preloading 0 native plugins for Editor in 0.00 ms.
Unloading 10 Unused Serialized files (Serialized files now loaded: 0)
System memory in use before: 53.9 MB.
System memory in use after: 53.9 MB.

Unloading 10 unused Assets to reduce memory usage. Loaded Objects now: 2393.
Total: 3.456800 ms (FindLiveObjects: 1.104000 ms CreateObjectMapping: 0.122400 ms MarkObjects: 2.122100 ms  DeleteObjects: 0.106200 ms)

========================================================================
Received Prepare
Refreshing native plugins compatible for Editor in 1.44 ms, found 1 plugins.
Preloading 0 native plugins for Editor in 0.00 ms.
Unloading 10 Unused Serialized files (Serialized files now loaded: 0)
System memory in use before: 53.9 MB.
System memory in use after: 53.9 MB.

Unloading 10 unused Assets to reduce memory usage. Loaded Objects now: 2393.
Total: 2.253300 ms (FindLiveObjects: 0.206900 ms CreateObjectMapping: 0.065200 ms MarkObjects: 1.883300 ms  DeleteObjects: 0.096400 ms)

========================================================================
Received Prepare
Registering precompiled user dll's ...
Registered in 0.000713 seconds.
Begin MonoManager ReloadAssembly
Native extension for WindowsStandalone target not found
Native extension for WebGL target not found
Refreshing native plugins compatible for Editor in 0.34 ms, found 1 plugins.
Preloading 0 native plugins for Editor in 0.00 ms.
Mono: successfully reloaded assembly
- Completed reload, in  2.516 seconds
Platform modules already initialized, skipping
Refreshing native plugins compatible for Editor in 0.40 ms, found 1 plugins.
Preloading 0 native plugins for Editor in 0.00 ms.
Unloading 1817 Unused Serialized files (Serialized files now loaded: 0)
System memory in use before: 89.7 MB.
System memory in use after: 89.6 MB.

Unloading 12 unused Assets to reduce memory usage. Loaded Objects now: 2397.
Total: 1.894800 ms (FindLiveObjects: 0.177000 ms CreateObjectMapping: 0.062000 ms MarkObjects: 1.548100 ms  DeleteObjects: 0.105900 ms)

========================================================================
Received Prepare
Refreshing native plugins compatible for Editor in 1.30 ms, found 1 plugins.
Preloading 0 native plugins for Editor in 0.00 ms.
Unloading 10 Unused Serialized files (Serialized files now loaded: 0)
System memory in use before: 53.9 MB.
System memory in use after: 53.9 MB.

Unloading 10 unused Assets to reduce memory usage. Loaded Objects now: 2397.
Total: 2.454300 ms (FindLiveObjects: 0.184900 ms CreateObjectMapping: 0.067000 ms MarkObjects: 2.102200 ms  DeleteObjects: 0.098900 ms)

========================================================================
Received Import Request.
  Time since last request: 1996.918377 seconds.
  path: Assets/Scripts/PlaySound.cs
  artifactKey: Guid(ccefd1be9c127564682cc7d4a57fc8f6) Importer(815301076,1909f56bfc062723c751e8b465ee728b)
Start importing Assets/Scripts/PlaySound.cs using Guid(ccefd1be9c127564682cc7d4a57fc8f6) Importer(815301076,1909f56bfc062723c751e8b465ee728b)  -> (artifact id: '7659f204b8e42f5edc7753162e94eaba') in 0.008965 seconds
  Import took 0.011889 seconds .

========================================================================
Received Prepare
Registering precompiled user dll's ...
Registered in 0.000722 seconds.
Begin MonoManager ReloadAssembly
Native extension for WindowsStandalone target not found
Native extension for WebGL target not found
Refreshing native plugins compatible for Editor in 0.29 ms, found 1 plugins.
Preloading 0 native plugins for Editor in 0.00 ms.
Mono: successfully reloaded assembly
- Completed reload, in  0.722 seconds
Platform modules already initialized, skipping
Refreshing native plugins compatible for Editor in 0.30 ms, found 1 plugins.
Preloading 0 native plugins for Editor in 0.00 ms.
Unloading 1817 Unused Serialized files (Serialized files now loaded: 0)
System memory in use before: 89.7 MB.
System memory in use after: 89.7 MB.

Unloading 12 unused Assets to reduce memory usage. Loaded Objects now: 2401.
Total: 2.495200 ms (FindLiveObjects: 0.176100 ms CreateObjectMapping: 0.201800 ms MarkObjects: 2.019700 ms  DeleteObjects: 0.096400 ms)

========================================================================
Received Import Request.
  Time since last request: 61.267905 seconds.
  path: Assets/Scripts/PlaySound.cs
  artifactKey: Guid(ccefd1be9c127564682cc7d4a57fc8f6) Importer(815301076,1909f56bfc062723c751e8b465ee728b)
Start importing Assets/Scripts/PlaySound.cs using Guid(ccefd1be9c127564682cc7d4a57fc8f6) Importer(815301076,1909f56bfc062723c751e8b465ee728b)  -> (artifact id: '2cf5a86ffa6dcbc6a97af8fc3334d5a3') in 0.003513 seconds
  Import took 0.006133 seconds .

========================================================================
Received Prepare
Registering precompiled user dll's ...
Registered in 0.000726 seconds.
Begin MonoManager ReloadAssembly
Native extension for WindowsStandalone target not found
Native extension for WebGL target not found
Refreshing native plugins compatible for Editor in 0.29 ms, found 1 plugins.
Preloading 0 native plugins for Editor in 0.00 ms.
Mono: successfully reloaded assembly
- Completed reload, in  0.709 seconds
Platform modules already initialized, skipping
Refreshing native plugins compatible for Editor in 0.28 ms, found 1 plugins.
Preloading 0 native plugins for Editor in 0.00 ms.
Unloading 1817 Unused Serialized files (Serialized files now loaded: 0)
System memory in use before: 89.7 MB.
System memory in use after: 89.7 MB.

Unloading 12 unused Assets to reduce memory usage. Loaded Objects now: 2405.
Total: 1.641200 ms (FindLiveObjects: 0.188100 ms CreateObjectMapping: 0.067500 ms MarkObjects: 1.292000 ms  DeleteObjects: 0.092700 ms)

========================================================================
Received Prepare
Registering precompiled user dll's ...
Registered in 0.000707 seconds.
Begin MonoManager ReloadAssembly
Native extension for WindowsStandalone target not found
Native extension for WebGL target not found
Refreshing native plugins compatible for Editor in 0.31 ms, found 1 plugins.
Preloading 0 native plugins for Editor in 0.00 ms.
Mono: successfully reloaded assembly
- Completed reload, in  0.686 seconds
Platform modules already initialized, skipping
Refreshing native plugins compatible for Editor in 0.30 ms, found 1 plugins.
Preloading 0 native plugins for Editor in 0.00 ms.
Unloading 1817 Unused Serialized files (Serialized files now loaded: 0)
System memory in use before: 89.7 MB.
System memory in use after: 89.7 MB.

Unloading 12 unused Assets to reduce memory usage. Loaded Objects now: 2409.
Total: 1.698200 ms (FindLiveObjects: 0.152800 ms CreateObjectMapping: 0.058900 ms MarkObjects: 1.370000 ms  DeleteObjects: 0.115400 ms)

========================================================================
Received Prepare
Registering precompiled user dll's ...
Registered in 0.000703 seconds.
Begin MonoManager ReloadAssembly
Native extension for WindowsStandalone target not found
Native extension for WebGL target not found
Refreshing native plugins compatible for Editor in 0.31 ms, found 1 plugins.
Preloading 0 native plugins for Editor in 0.00 ms.
Mono: successfully reloaded assembly
- Completed reload, in  0.756 seconds
Platform modules already initialized, skipping
Refreshing native plugins compatible for Editor in 0.31 ms, found 1 plugins.
Preloading 0 native plugins for Editor in 0.00 ms.
Unloading 1817 Unused Serialized files (Serialized files now loaded: 0)
System memory in use before: 89.7 MB.
System memory in use after: 89.7 MB.

Unloading 12 unused Assets to reduce memory usage. Loaded Objects now: 2413.
Total: 2.103800 ms (FindLiveObjects: 0.239200 ms CreateObjectMapping: 0.073200 ms MarkObjects: 1.692200 ms  DeleteObjects: 0.097500 ms)

========================================================================
Received Prepare
Registering precompiled user dll's ...
Registered in 0.000765 seconds.
Begin MonoManager ReloadAssembly
Native extension for WindowsStandalone target not found
Native extension for WebGL target not found
Refreshing native plugins compatible for Editor in 0.29 ms, found 1 plugins.
Preloading 0 native plugins for Editor in 0.00 ms.
Mono: successfully reloaded assembly
- Completed reload, in  0.682 seconds
Platform modules already initialized, skipping
Refreshing native plugins compatible for Editor in 0.29 ms, found 1 plugins.
Preloading 0 native plugins for Editor in 0.00 ms.
Unloading 1817 Unused Serialized files (Serialized files now loaded: 0)
System memory in use before: 89.7 MB.
System memory in use after: 89.7 MB.

Unloading 12 unused Assets to reduce memory usage. Loaded Objects now: 2417.
Total: 2.316300 ms (FindLiveObjects: 0.427800 ms CreateObjectMapping: 0.206200 ms MarkObjects: 1.590100 ms  DeleteObjects: 0.091200 ms)

========================================================================
Received Prepare
Registering precompiled user dll's ...
Registered in 0.000679 seconds.
Begin MonoManager ReloadAssembly
Native extension for WindowsStandalone target not found
Native extension for WebGL target not found
Refreshing native plugins compatible for Editor in 0.37 ms, found 1 plugins.
Preloading 0 native plugins for Editor in 0.00 ms.
Mono: successfully reloaded assembly
- Completed reload, in  0.670 seconds
Platform modules already initialized, skipping
Refreshing native plugins compatible for Editor in 0.32 ms, found 1 plugins.
Preloading 0 native plugins for Editor in 0.00 ms.
Unloading 1817 Unused Serialized files (Serialized files now loaded: 0)
System memory in use before: 89.7 MB.
System memory in use after: 89.7 MB.

Unloading 12 unused Assets to reduce memory usage. Loaded Objects now: 2421.
Total: 3.170400 ms (FindLiveObjects: 1.147800 ms CreateObjectMapping: 0.082200 ms MarkObjects: 1.843300 ms  DeleteObjects: 0.095800 ms)

========================================================================
Received Prepare
Registering precompiled user dll's ...
Registered in 0.000679 seconds.
Begin MonoManager ReloadAssembly
Native extension for WindowsStandalone target not found
Native extension for WebGL target not found
Refreshing native plugins compatible for Editor in 0.30 ms, found 1 plugins.
Preloading 0 native plugins for Editor in 0.00 ms.
Mono: successfully reloaded assembly
- Completed reload, in  0.700 seconds
Platform modules already initialized, skipping
Refreshing native plugins compatible for Editor in 0.26 ms, found 1 plugins.
Preloading 0 native plugins for Editor in 0.00 ms.
Unloading 1817 Unused Serialized files (Serialized files now loaded: 0)
System memory in use before: 89.7 MB.
System memory in use after: 89.7 MB.

Unloading 12 unused Assets to reduce memory usage. Loaded Objects now: 2425.
Total: 1.973400 ms (FindLiveObjects: 0.171300 ms CreateObjectMapping: 0.057600 ms MarkObjects: 1.640100 ms  DeleteObjects: 0.103300 ms)

========================================================================
Received Prepare
Registering precompiled user dll's ...
Registered in 0.000662 seconds.
Begin MonoManager ReloadAssembly
Native extension for WindowsStandalone target not found
Native extension for WebGL target not found
Refreshing native plugins compatible for Editor in 0.29 ms, found 1 plugins.
Preloading 0 native plugins for Editor in 0.00 ms.
Mono: successfully reloaded assembly
- Completed reload, in  0.711 seconds
Platform modules already initialized, skipping
Refreshing native plugins compatible for Editor in 0.28 ms, found 1 plugins.
Preloading 0 native plugins for Editor in 0.00 ms.
Unloading 1817 Unused Serialized files (Serialized files now loaded: 0)
System memory in use before: 89.7 MB.
System memory in use after: 89.7 MB.

Unloading 12 unused Assets to reduce memory usage. Loaded Objects now: 2429.
Total: 1.781000 ms (FindLiveObjects: 0.147700 ms CreateObjectMapping: 0.054200 ms MarkObjects: 1.489600 ms  DeleteObjects: 0.088600 ms)

========================================================================
Received Prepare
Registering precompiled user dll's ...
Registered in 0.000905 seconds.
Begin MonoManager ReloadAssembly
Native extension for WindowsStandalone target not found
Native extension for WebGL target not found
Refreshing native plugins compatible for Editor in 0.29 ms, found 1 plugins.
Preloading 0 native plugins for Editor in 0.00 ms.
Mono: successfully reloaded assembly
- Completed reload, in  0.676 seconds
Platform modules already initialized, skipping
Refreshing native plugins compatible for Editor in 0.36 ms, found 1 plugins.
Preloading 0 native plugins for Editor in 0.00 ms.
Unloading 1817 Unused Serialized files (Serialized files now loaded: 0)
System memory in use before: 89.7 MB.
System memory in use after: 89.7 MB.

Unloading 12 unused Assets to reduce memory usage. Loaded Objects now: 2433.
Total: 2.468700 ms (FindLiveObjects: 0.771300 ms CreateObjectMapping: 0.067500 ms MarkObjects: 1.517000 ms  DeleteObjects: 0.105600 ms)

========================================================================
Received Prepare
Registering precompiled user dll's ...
Registered in 0.000675 seconds.
Begin MonoManager ReloadAssembly
Native extension for WindowsStandalone target not found
Native extension for WebGL target not found
Refreshing native plugins compatible for Editor in 0.28 ms, found 1 plugins.
Preloading 0 native plugins for Editor in 0.00 ms.
Mono: successfully reloaded assembly
- Completed reload, in  0.681 seconds
Platform modules already initialized, skipping
Refreshing native plugins compatible for Editor in 0.28 ms, found 1 plugins.
Preloading 0 native plugins for Editor in 0.00 ms.
Unloading 1817 Unused Serialized files (Serialized files now loaded: 0)
System memory in use before: 89.8 MB.
System memory in use after: 89.7 MB.

Unloading 12 unused Assets to reduce memory usage. Loaded Objects now: 2437.
Total: 1.724800 ms (FindLiveObjects: 0.159700 ms CreateObjectMapping: 0.062600 ms MarkObjects: 1.410800 ms  DeleteObjects: 0.090700 ms)

========================================================================
Received Prepare
Registering precompiled user dll's ...
Registered in 0.000711 seconds.
Begin MonoManager ReloadAssembly
Native extension for WindowsStandalone target not found
Native extension for WebGL target not found
Refreshing native plugins compatible for Editor in 0.29 ms, found 1 plugins.
Preloading 0 native plugins for Editor in 0.00 ms.
Mono: successfully reloaded assembly
- Completed reload, in  0.677 seconds
Platform modules already initialized, skipping
Refreshing native plugins compatible for Editor in 0.35 ms, found 1 plugins.
Preloading 0 native plugins for Editor in 0.00 ms.
Unloading 1817 Unused Serialized files (Serialized files now loaded: 0)
System memory in use before: 89.8 MB.
System memory in use after: 89.7 MB.

Unloading 12 unused Assets to reduce memory usage. Loaded Objects now: 2441.
Total: 2.131500 ms (FindLiveObjects: 0.194500 ms CreateObjectMapping: 0.065000 ms MarkObjects: 1.776300 ms  DeleteObjects: 0.094300 ms)

========================================================================
Received Prepare
Registering precompiled user dll's ...
Registered in 0.000723 seconds.
Begin MonoManager ReloadAssembly
Native extension for WindowsStandalone target not found
Native extension for WebGL target not found
Refreshing native plugins compatible for Editor in 0.30 ms, found 1 plugins.
Preloading 0 native plugins for Editor in 0.00 ms.
Mono: successfully reloaded assembly
- Completed reload, in  2.947 seconds
Platform modules already initialized, skipping
Refreshing native plugins compatible for Editor in 0.33 ms, found 1 plugins.
Preloading 0 native plugins for Editor in 0.00 ms.
Unloading 1817 Unused Serialized files (Serialized files now loaded: 0)
System memory in use before: 89.8 MB.
System memory in use after: 89.8 MB.

Unloading 12 unused Assets to reduce memory usage. Loaded Objects now: 2445.
Total: 2.959800 ms (FindLiveObjects: 0.680300 ms CreateObjectMapping: 0.259600 ms MarkObjects: 1.798400 ms  DeleteObjects: 0.220300 ms)

========================================================================
Received Prepare
Refreshing native plugins compatible for Editor in 1.35 ms, found 1 plugins.
Preloading 0 native plugins for Editor in 0.00 ms.
Unloading 10 Unused Serialized files (Serialized files now loaded: 0)
System memory in use before: 54.0 MB.
System memory in use after: 54.0 MB.

Unloading 10 unused Assets to reduce memory usage. Loaded Objects now: 2445.
Total: 1.827300 ms (FindLiveObjects: 0.257000 ms CreateObjectMapping: 0.060600 ms MarkObjects: 1.411400 ms  DeleteObjects: 0.096700 ms)

========================================================================
Received Prepare
Refreshing native plugins compatible for Editor in 1.30 ms, found 1 plugins.
Preloading 0 native plugins for Editor in 0.00 ms.
Unloading 10 Unused Serialized files (Serialized files now loaded: 0)
System memory in use before: 54.1 MB.
System memory in use after: 54.0 MB.

Unloading 10 unused Assets to reduce memory usage. Loaded Objects now: 2445.
Total: 2.576000 ms (FindLiveObjects: 0.318000 ms CreateObjectMapping: 0.068100 ms MarkObjects: 2.053500 ms  DeleteObjects: 0.134400 ms)

========================================================================
Received Prepare
Registering precompiled user dll's ...
Registered in 0.000850 seconds.
Begin MonoManager ReloadAssembly
Native extension for WindowsStandalone target not found
Native extension for WebGL target not found
Refreshing native plugins compatible for Editor in 0.43 ms, found 1 plugins.
Preloading 0 native plugins for Editor in 0.00 ms.
Mono: successfully reloaded assembly
- Completed reload, in  0.725 seconds
Platform modules already initialized, skipping
Refreshing native plugins compatible for Editor in 0.39 ms, found 1 plugins.
Preloading 0 native plugins for Editor in 0.00 ms.
Unloading 1817 Unused Serialized files (Serialized files now loaded: 0)
System memory in use before: 89.8 MB.
System memory in use after: 89.8 MB.

Unloading 12 unused Assets to reduce memory usage. Loaded Objects now: 2449.
Total: 1.758200 ms (FindLiveObjects: 0.228700 ms CreateObjectMapping: 0.071100 ms MarkObjects: 1.360700 ms  DeleteObjects: 0.096800 ms)

========================================================================
Received Prepare
Registering precompiled user dll's ...
Registered in 0.000679 seconds.
Begin MonoManager ReloadAssembly
Native extension for WindowsStandalone target not found
Native extension for WebGL target not found
Refreshing native plugins compatible for Editor in 0.29 ms, found 1 plugins.
Preloading 0 native plugins for Editor in 0.00 ms.
Mono: successfully reloaded assembly
- Completed reload, in  0.683 seconds
Platform modules already initialized, skipping
Refreshing native plugins compatible for Editor in 0.27 ms, found 1 plugins.
Preloading 0 native plugins for Editor in 0.00 ms.
Unloading 1817 Unused Serialized files (Serialized files now loaded: 0)
System memory in use before: 89.8 MB.
System memory in use after: 89.8 MB.

Unloading 12 unused Assets to reduce memory usage. Loaded Objects now: 2453.
Total: 1.960400 ms (FindLiveObjects: 0.402600 ms CreateObjectMapping: 0.082200 ms MarkObjects: 1.377300 ms  DeleteObjects: 0.097100 ms)

========================================================================
Received Prepare
Registering precompiled user dll's ...
Registered in 0.000921 seconds.
Begin MonoManager ReloadAssembly
Native extension for WindowsStandalone target not found
Native extension for WebGL target not found
Refreshing native plugins compatible for Editor in 0.32 ms, found 1 plugins.
Preloading 0 native plugins for Editor in 0.00 ms.
Mono: successfully reloaded assembly
- Completed reload, in  0.724 seconds
Platform modules already initialized, skipping
Refreshing native plugins compatible for Editor in 0.29 ms, found 1 plugins.
Preloading 0 native plugins for Editor in 0.00 ms.
Unloading 1817 Unused Serialized files (Serialized files now loaded: 0)
System memory in use before: 89.8 MB.
System memory in use after: 89.8 MB.

Unloading 12 unused Assets to reduce memory usage. Loaded Objects now: 2457.
Total: 1.981800 ms (FindLiveObjects: 0.187100 ms CreateObjectMapping: 0.060700 ms MarkObjects: 1.628400 ms  DeleteObjects: 0.104500 ms)

========================================================================
Received Prepare
Registering precompiled user dll's ...
Registered in 0.000865 seconds.
Begin MonoManager ReloadAssembly
Native extension for WindowsStandalone target not found
Native extension for WebGL target not found
Refreshing native plugins compatible for Editor in 0.29 ms, found 1 plugins.
Preloading 0 native plugins for Editor in 0.00 ms.
Mono: successfully reloaded assembly
- Completed reload, in  0.688 seconds
Platform modules already initialized, skipping
Refreshing native plugins compatible for Editor in 0.28 ms, found 1 plugins.
Preloading 0 native plugins for Editor in 0.00 ms.
Unloading 1817 Unused Serialized files (Serialized files now loaded: 0)
System memory in use before: 89.8 MB.
System memory in use after: 89.8 MB.

Unloading 12 unused Assets to reduce memory usage. Loaded Objects now: 2461.
Total: 1.673100 ms (FindLiveObjects: 0.192400 ms CreateObjectMapping: 0.061300 ms MarkObjects: 1.325800 ms  DeleteObjects: 0.092500 ms)

========================================================================
Received Prepare
Registering precompiled user dll's ...
Registered in 0.000733 seconds.
Begin MonoManager ReloadAssembly
Native extension for WindowsStandalone target not found
Native extension for WebGL target not found
Refreshing native plugins compatible for Editor in 0.30 ms, found 1 plugins.
Preloading 0 native plugins for Editor in 0.00 ms.
Mono: successfully reloaded assembly
- Completed reload, in  0.730 seconds
Platform modules already initialized, skipping
Refreshing native plugins compatible for Editor in 0.30 ms, found 1 plugins.
Preloading 0 native plugins for Editor in 0.00 ms.
Unloading 1817 Unused Serialized files (Serialized files now loaded: 0)
System memory in use before: 89.8 MB.
System memory in use after: 89.8 MB.

Unloading 12 unused Assets to reduce memory usage. Loaded Objects now: 2465.
Total: 2.038300 ms (FindLiveObjects: 0.197800 ms CreateObjectMapping: 0.065700 ms MarkObjects: 1.657200 ms  DeleteObjects: 0.101100 ms)

========================================================================
Received Prepare
Registering precompiled user dll's ...
Registered in 0.000717 seconds.
Begin MonoManager ReloadAssembly
Native extension for WindowsStandalone target not found
Native extension for WebGL target not found
Refreshing native plugins compatible for Editor in 0.32 ms, found 1 plugins.
Preloading 0 native plugins for Editor in 0.00 ms.
Mono: successfully reloaded assembly
- Completed reload, in  0.723 seconds
Platform modules already initialized, skipping
Refreshing native plugins compatible for Editor in 0.28 ms, found 1 plugins.
Preloading 0 native plugins for Editor in 0.00 ms.
Unloading 1817 Unused Serialized files (Serialized files now loaded: 0)
System memory in use before: 89.8 MB.
System memory in use after: 89.8 MB.

Unloading 12 unused Assets to reduce memory usage. Loaded Objects now: 2469.
Total: 1.615100 ms (FindLiveObjects: 0.151600 ms CreateObjectMapping: 0.057000 ms MarkObjects: 1.315800 ms  DeleteObjects: 0.089600 ms)

========================================================================
Received Prepare
Registering precompiled user dll's ...
Registered in 0.000700 seconds.
Begin MonoManager ReloadAssembly
Native extension for WindowsStandalone target not found
Native extension for WebGL target not found
Refreshing native plugins compatible for Editor in 0.32 ms, found 1 plugins.
Preloading 0 native plugins for Editor in 0.00 ms.
Mono: successfully reloaded assembly
- Completed reload, in  0.736 seconds
Platform modules already initialized, skipping
Refreshing native plugins compatible for Editor in 0.28 ms, found 1 plugins.
Preloading 0 native plugins for Editor in 0.00 ms.
Unloading 1817 Unused Serialized files (Serialized files now loaded: 0)
System memory in use before: 89.8 MB.
System memory in use after: 89.8 MB.

Unloading 12 unused Assets to reduce memory usage. Loaded Objects now: 2473.
Total: 1.684100 ms (FindLiveObjects: 0.152600 ms CreateObjectMapping: 0.056500 ms MarkObjects: 1.391800 ms  DeleteObjects: 0.082300 ms)

========================================================================
Received Prepare
Refreshing native plugins compatible for Editor in 1.47 ms, found 1 plugins.
Preloading 0 native plugins for Editor in 0.00 ms.
Unloading 10 Unused Serialized files (Serialized files now loaded: 0)
System memory in use before: 54.1 MB.
System memory in use after: 54.1 MB.

Unloading 10 unused Assets to reduce memory usage. Loaded Objects now: 2473.
Total: 2.599900 ms (FindLiveObjects: 0.513500 ms CreateObjectMapping: 0.313500 ms MarkObjects: 1.668700 ms  DeleteObjects: 0.103000 ms)

========================================================================
Received Prepare
Registering precompiled user dll's ...
Registered in 0.000724 seconds.
Begin MonoManager ReloadAssembly
Native extension for WindowsStandalone target not found
Native extension for WebGL target not found
Refreshing native plugins compatible for Editor in 0.39 ms, found 1 plugins.
Preloading 0 native plugins for Editor in 0.00 ms.
Mono: successfully reloaded assembly
- Completed reload, in  0.716 seconds
Platform modules already initialized, skipping
Refreshing native plugins compatible for Editor in 0.29 ms, found 1 plugins.
Preloading 0 native plugins for Editor in 0.00 ms.
Unloading 1817 Unused Serialized files (Serialized files now loaded: 0)
System memory in use before: 89.8 MB.
System memory in use after: 89.8 MB.

Unloading 12 unused Assets to reduce memory usage. Loaded Objects now: 2477.
Total: 1.722000 ms (FindLiveObjects: 0.231300 ms CreateObjectMapping: 0.060800 ms MarkObjects: 1.317100 ms  DeleteObjects: 0.111400 ms)

========================================================================
Received Prepare
Registering precompiled user dll's ...
Registered in 0.000700 seconds.
Begin MonoManager ReloadAssembly
Native extension for WindowsStandalone target not found
Native extension for WebGL target not found
Refreshing native plugins compatible for Editor in 0.45 ms, found 1 plugins.
Preloading 0 native plugins for Editor in 0.00 ms.
Mono: successfully reloaded assembly
- Completed reload, in  0.712 seconds
Platform modules already initialized, skipping
Refreshing native plugins compatible for Editor in 0.30 ms, found 1 plugins.
Preloading 0 native plugins for Editor in 0.00 ms.
Unloading 1816 Unused Serialized files (Serialized files now loaded: 0)
System memory in use before: 89.8 MB.
System memory in use after: 89.8 MB.

Unloading 13 unused Assets to reduce memory usage. Loaded Objects now: 2480.
Total: 1.701400 ms (FindLiveObjects: 0.163100 ms CreateObjectMapping: 0.069400 ms MarkObjects: 1.378200 ms  DeleteObjects: 0.089800 ms)

========================================================================
Received Prepare
Registering precompiled user dll's ...
Registered in 0.000733 seconds.
Begin MonoManager ReloadAssembly
Native extension for WindowsStandalone target not found
Native extension for WebGL target not found
Refreshing native plugins compatible for Editor in 0.45 ms, found 1 plugins.
Preloading 0 native plugins for Editor in 0.00 ms.
Mono: successfully reloaded assembly
- Completed reload, in  0.703 seconds
Platform modules already initialized, skipping
Refreshing native plugins compatible for Editor in 0.30 ms, found 1 plugins.
Preloading 0 native plugins for Editor in 0.00 ms.
Unloading 1816 Unused Serialized files (Serialized files now loaded: 0)
System memory in use before: 89.8 MB.
System memory in use after: 89.8 MB.

Unloading 12 unused Assets to reduce memory usage. Loaded Objects now: 2484.
Total: 1.842300 ms (FindLiveObjects: 0.201800 ms CreateObjectMapping: 0.066500 ms MarkObjects: 1.481100 ms  DeleteObjects: 0.091800 ms)

========================================================================
Received Prepare
Registering precompiled user dll's ...
Registered in 0.000648 seconds.
Begin MonoManager ReloadAssembly
Native extension for WindowsStandalone target not found
Native extension for WebGL target not found
Refreshing native plugins compatible for Editor in 0.33 ms, found 1 plugins.
Preloading 0 native plugins for Editor in 0.00 ms.
Mono: successfully reloaded assembly
- Completed reload, in  0.693 seconds
Platform modules already initialized, skipping
Refreshing native plugins compatible for Editor in 0.29 ms, found 1 plugins.
Preloading 0 native plugins for Editor in 0.00 ms.
Unloading 1816 Unused Serialized files (Serialized files now loaded: 0)
System memory in use before: 89.9 MB.
System memory in use after: 89.8 MB.

Unloading 12 unused Assets to reduce memory usage. Loaded Objects now: 2488.
Total: 1.744900 ms (FindLiveObjects: 0.160300 ms CreateObjectMapping: 0.056300 ms MarkObjects: 1.400200 ms  DeleteObjects: 0.127200 ms)

========================================================================
Received Prepare
Registering precompiled user dll's ...
Registered in 0.000691 seconds.
Begin MonoManager ReloadAssembly
Native extension for WindowsStandalone target not found
Native extension for WebGL target not found
Refreshing native plugins compatible for Editor in 0.28 ms, found 1 plugins.
Preloading 0 native plugins for Editor in 0.00 ms.
Mono: successfully reloaded assembly
- Completed reload, in  0.711 seconds
Platform modules already initialized, skipping
Refreshing native plugins compatible for Editor in 0.29 ms, found 1 plugins.
Preloading 0 native plugins for Editor in 0.00 ms.
Unloading 1816 Unused Serialized files (Serialized files now loaded: 0)
System memory in use before: 89.9 MB.
System memory in use after: 89.8 MB.

Unloading 12 unused Assets to reduce memory usage. Loaded Objects now: 2492.
Total: 1.714100 ms (FindLiveObjects: 0.181300 ms CreateObjectMapping: 0.078400 ms MarkObjects: 1.356900 ms  DeleteObjects: 0.095900 ms)

========================================================================
Received Prepare
Registering precompiled user dll's ...
Registered in 0.000700 seconds.
Begin MonoManager ReloadAssembly
Native extension for WindowsStandalone target not found
Native extension for WebGL target not found
Refreshing native plugins compatible for Editor in 0.28 ms, found 1 plugins.
Preloading 0 native plugins for Editor in 0.00 ms.
Mono: successfully reloaded assembly
- Completed reload, in  0.685 seconds
Platform modules already initialized, skipping
Refreshing native plugins compatible for Editor in 0.27 ms, found 1 plugins.
Preloading 0 native plugins for Editor in 0.00 ms.
Unloading 1816 Unused Serialized files (Serialized files now loaded: 0)
System memory in use before: 89.9 MB.
System memory in use after: 89.8 MB.

Unloading 12 unused Assets to reduce memory usage. Loaded Objects now: 2496.
Total: 1.667600 ms (FindLiveObjects: 0.218600 ms CreateObjectMapping: 0.076100 ms MarkObjects: 1.284300 ms  DeleteObjects: 0.087800 ms)

========================================================================
Received Prepare
Registering precompiled user dll's ...
Registered in 0.000789 seconds.
Begin MonoManager ReloadAssembly
Native extension for WindowsStandalone target not found
Native extension for WebGL target not found
Refreshing native plugins compatible for Editor in 0.29 ms, found 1 plugins.
Preloading 0 native plugins for Editor in 0.00 ms.
Mono: successfully reloaded assembly
- Completed reload, in  0.698 seconds
Platform modules already initialized, skipping
Refreshing native plugins compatible for Editor in 0.31 ms, found 1 plugins.
Preloading 0 native plugins for Editor in 0.00 ms.
Unloading 1816 Unused Serialized files (Serialized files now loaded: 0)
System memory in use before: 89.9 MB.
System memory in use after: 89.9 MB.

Unloading 12 unused Assets to reduce memory usage. Loaded Objects now: 2500.
Total: 1.869400 ms (FindLiveObjects: 0.187900 ms CreateObjectMapping: 0.133200 ms MarkObjects: 1.430800 ms  DeleteObjects: 0.116500 ms)

========================================================================
Received Prepare
Registering precompiled user dll's ...
Registered in 0.000698 seconds.
Begin MonoManager ReloadAssembly
Native extension for WindowsStandalone target not found
Native extension for WebGL target not found
Refreshing native plugins compatible for Editor in 0.31 ms, found 1 plugins.
Preloading 0 native plugins for Editor in 0.00 ms.
Mono: successfully reloaded assembly
- Completed reload, in  2.315 seconds
Platform modules already initialized, skipping
Refreshing native plugins compatible for Editor in 0.34 ms, found 1 plugins.
Preloading 0 native plugins for Editor in 0.00 ms.
Unloading 1816 Unused Serialized files (Serialized files now loaded: 0)
System memory in use before: 89.9 MB.
System memory in use after: 89.9 MB.

Unloading 12 unused Assets to reduce memory usage. Loaded Objects now: 2504.
Total: 2.840600 ms (FindLiveObjects: 0.224700 ms CreateObjectMapping: 0.085000 ms MarkObjects: 2.396500 ms  DeleteObjects: 0.132100 ms)

========================================================================
Received Prepare
Refreshing native plugins compatible for Editor in 1.79 ms, found 1 plugins.
Preloading 0 native plugins for Editor in 0.00 ms.
Unloading 10 Unused Serialized files (Serialized files now loaded: 0)
System memory in use before: 54.2 MB.
System memory in use after: 54.2 MB.

Unloading 10 unused Assets to reduce memory usage. Loaded Objects now: 2504.
Total: 2.407600 ms (FindLiveObjects: 0.173600 ms CreateObjectMapping: 0.061300 ms MarkObjects: 2.024400 ms  DeleteObjects: 0.146700 ms)

AssetImportWorkerClient::OnTransportError - code=2 error=End of file
